{"level":"info","message":"Server is running on port 4000","service":"backend-api","timestamp":"2025-07-21T07:18:48.692Z"}
{"level":"info","message":"Server is running on port 4000","service":"backend-api","timestamp":"2025-07-21T07:22:31.247Z"}
{"level":"info","message":"Server is running on port 4000","service":"backend-api","timestamp":"2025-07-21T07:23:03.088Z"}
{"level":"info","message":"Server is running on port 4000","service":"backend-api","timestamp":"2025-07-21T07:23:14.604Z"}
{"level":"info","message":{"duration":"4ms","ip":"::1","method":"POST","status":404,"url":"/api/v1"},"service":"backend-api","timestamp":"2025-07-21T07:23:25.629Z"}
{"level":"info","message":{"duration":"1ms","ip":"::1","method":"POST","status":404,"url":"/health"},"service":"backend-api","timestamp":"2025-07-21T07:23:36.300Z"}
{"level":"info","message":{"duration":"1ms","ip":"::1","method":"POST","status":404,"url":"/health"},"service":"backend-api","timestamp":"2025-07-21T07:23:47.000Z"}
{"level":"info","message":{"duration":"1ms","ip":"::1","method":"GET","status":200,"url":"/health"},"service":"backend-api","timestamp":"2025-07-21T07:23:50.988Z"}
{"level":"info","message":{"duration":"1ms","ip":"::1","method":"GET","status":404,"url":"/api/v1/parse"},"service":"backend-api","timestamp":"2025-07-21T07:24:12.535Z"}
{"level":"info","message":{"duration":"6224ms","ip":"::1","method":"POST","status":500,"url":"/parse"},"service":"backend-api","timestamp":"2025-07-21T07:29:13.265Z"}
{"level":"info","message":"Server is running on port 4000","service":"backend-api","timestamp":"2025-07-21T07:32:38.098Z"}
{"level":"info","message":"Server is running on port 4000","service":"backend-api","timestamp":"2025-07-21T07:33:30.671Z"}
{"level":"info","message":{"duration":"11064ms","ip":"::1","method":"POST","status":200,"url":"/parse"},"service":"backend-api","timestamp":"2025-07-21T07:41:25.487Z"}
{"level":"info","message":"Server is running on port 4000","service":"backend-api","timestamp":"2025-07-21T07:57:47.565Z"}
{"level":"info","message":"Received SIGINT, starting graceful shutdown...","service":"backend-api","timestamp":"2025-07-21T08:04:29.129Z"}
{"level":"info","message":"Server is running on port 4000","service":"backend-api","timestamp":"2025-07-21T10:27:19.661Z"}
{"level":"info","message":{"duration":"11560ms","ip":"::1","method":"POST","status":200,"url":"/parse"},"service":"backend-api","timestamp":"2025-07-21T10:28:46.790Z"}
{"level":"info","message":"Server is running on port 4000","service":"backend-api","timestamp":"2025-07-21T10:30:27.312Z"}
{"level":"info","message":{"duration":"5830ms","ip":"::1","method":"POST","status":500,"url":"/parse"},"service":"backend-api","timestamp":"2025-07-21T10:31:10.512Z"}
{"level":"info","message":"Server is running on port 4000","service":"backend-api","timestamp":"2025-07-21T10:31:35.496Z"}
{"level":"info","message":"Server is running on port 4000","service":"backend-api","timestamp":"2025-07-21T10:32:28.181Z"}
{"level":"info","message":"Server is running on port 4000","service":"backend-api","timestamp":"2025-07-21T10:32:38.157Z"}
{"level":"info","message":{"duration":"5976ms","ip":"::1","method":"POST","status":500,"url":"/parse"},"service":"backend-api","timestamp":"2025-07-21T10:32:55.431Z"}
{"level":"info","message":"Server is running on port 4000","service":"backend-api","timestamp":"2025-07-21T10:33:36.802Z"}
{"level":"info","message":"Server is running on port 4000","service":"backend-api","timestamp":"2025-07-21T10:33:40.663Z"}
{"level":"info","message":"Server is running on port 4000","service":"backend-api","timestamp":"2025-07-21T10:43:36.031Z"}
{"level":"info","message":"Server is running on port 4000","service":"backend-api","timestamp":"2025-07-21T10:43:49.441Z"}
{"level":"info","message":"Server is running on port 4000","service":"backend-api","timestamp":"2025-07-21T10:43:52.927Z"}
{"level":"info","message":"Server is running on port 4000","service":"backend-api","timestamp":"2025-07-21T10:43:57.350Z"}
{"level":"info","message":"Server is running on port 4000","service":"backend-api","timestamp":"2025-07-21T10:44:00.116Z"}
{"level":"info","message":"Server is running on port 4000","service":"backend-api","timestamp":"2025-07-21T10:44:02.264Z"}
{"level":"info","message":"Server is running on port 4000","service":"backend-api","timestamp":"2025-07-21T10:44:05.226Z"}
{"level":"info","message":"Server is running on port 4000","service":"backend-api","timestamp":"2025-07-21T10:44:55.593Z"}
{"level":"info","message":"Server is running on port 4000","service":"backend-api","timestamp":"2025-07-21T10:45:03.227Z"}
{"level":"info","message":"Server is running on port 4000","service":"backend-api","timestamp":"2025-07-21T10:45:10.169Z"}
{"level":"info","message":"Server is running on port 4000","service":"backend-api","timestamp":"2025-07-21T10:45:20.428Z"}
{"level":"info","message":"Server is running on port 4000","service":"backend-api","timestamp":"2025-07-21T10:45:24.284Z"}
{"level":"info","message":"Server is running on port 4000","service":"backend-api","timestamp":"2025-07-21T10:45:30.778Z"}
{"level":"info","message":"Server is running on port 4000","service":"backend-api","timestamp":"2025-07-21T10:45:46.976Z"}
{"level":"info","message":"Server is running on port 4000","service":"backend-api","timestamp":"2025-07-21T10:45:50.020Z"}
{"level":"info","message":"Server is running on port 4000","service":"backend-api","timestamp":"2025-07-21T10:46:02.592Z"}
{"level":"info","message":"Server is running on port 4000","service":"backend-api","timestamp":"2025-07-21T10:46:05.394Z"}
{"level":"info","message":"Server is running on port 4000","service":"backend-api","timestamp":"2025-07-21T10:46:08.506Z"}
{"level":"info","message":"Server is running on port 4000","service":"backend-api","timestamp":"2025-07-21T10:46:15.384Z"}
{"level":"info","message":"Server is running on port 4000","service":"backend-api","timestamp":"2025-07-21T10:46:23.184Z"}
{"level":"info","message":"Server is running on port 4000","service":"backend-api","timestamp":"2025-07-21T10:46:25.115Z"}
{"level":"info","message":"Server is running on port 4000","service":"backend-api","timestamp":"2025-07-21T10:46:29.853Z"}
{"level":"info","message":"Server is running on port 4000","service":"backend-api","timestamp":"2025-07-21T10:46:31.553Z"}
{"level":"info","message":"Server is running on port 4000","service":"backend-api","timestamp":"2025-07-21T10:46:39.310Z"}
{"level":"info","message":"Server is running on port 4000","service":"backend-api","timestamp":"2025-07-21T10:46:46.047Z"}
{"level":"info","message":"Server is running on port 4000","service":"backend-api","timestamp":"2025-07-21T10:46:50.187Z"}
{"level":"info","message":"Server is running on port 4000","service":"backend-api","timestamp":"2025-07-21T10:46:54.742Z"}
{"level":"info","message":"Server is running on port 4000","service":"backend-api","timestamp":"2025-07-21T10:47:00.339Z"}
{"level":"info","message":"Server is running on port 4000","service":"backend-api","timestamp":"2025-07-21T10:47:08.920Z"}
{"level":"info","message":"Server is running on port 4000","service":"backend-api","timestamp":"2025-07-21T10:47:11.529Z"}
{"level":"info","message":"Server is running on port 4000","service":"backend-api","timestamp":"2025-07-21T10:47:15.629Z"}
{"level":"info","message":"Server is running on port 4000","service":"backend-api","timestamp":"2025-07-21T10:47:20.295Z"}
{"level":"info","message":"Server is running on port 4000","service":"backend-api","timestamp":"2025-07-21T10:47:23.921Z"}
{"level":"info","message":"Server is running on port 4000","service":"backend-api","timestamp":"2025-07-21T10:47:29.438Z"}
{"level":"info","message":"Server is running on port 4000","service":"backend-api","timestamp":"2025-07-21T10:47:34.080Z"}
{"level":"info","message":"Server is running on port 4000","service":"backend-api","timestamp":"2025-07-21T10:47:39.508Z"}
{"level":"info","message":"Server is running on port 4000","service":"backend-api","timestamp":"2025-07-21T10:47:41.291Z"}
{"level":"info","message":"Server is running on port 4000","service":"backend-api","timestamp":"2025-07-21T10:47:43.421Z"}
{"level":"info","message":"Server is running on port 4000","service":"backend-api","timestamp":"2025-07-21T10:48:16.936Z"}
{"level":"info","message":"Server is running on port 4000","service":"backend-api","timestamp":"2025-07-21T10:48:18.768Z"}
{"level":"info","message":"Server is running on port 4000","service":"backend-api","timestamp":"2025-07-21T10:48:20.805Z"}
{"level":"info","message":"Server is running on port 4000","service":"backend-api","timestamp":"2025-07-21T10:48:23.768Z"}
{"level":"info","message":"Server is running on port 4000","service":"backend-api","timestamp":"2025-07-21T10:48:29.186Z"}
{"level":"info","message":"Server is running on port 4000","service":"backend-api","timestamp":"2025-07-21T10:48:31.909Z"}
{"level":"info","message":"Server is running on port 4000","service":"backend-api","timestamp":"2025-07-21T10:48:36.143Z"}
{"level":"info","message":"Server is running on port 4000","service":"backend-api","timestamp":"2025-07-21T10:48:40.014Z"}
{"level":"info","message":"Server is running on port 4000","service":"backend-api","timestamp":"2025-07-21T10:48:43.157Z"}
{"level":"info","message":"Server is running on port 4000","service":"backend-api","timestamp":"2025-07-21T10:48:47.246Z"}
{"level":"info","message":"Server is running on port 4000","service":"backend-api","timestamp":"2025-07-21T10:48:54.654Z"}
{"level":"info","message":"Server is running on port 4000","service":"backend-api","timestamp":"2025-07-21T10:48:59.735Z"}
{"level":"info","message":"Server is running on port 4000","service":"backend-api","timestamp":"2025-07-21T10:49:01.478Z"}
{"level":"info","message":"Server is running on port 4000","service":"backend-api","timestamp":"2025-07-21T10:49:07.707Z"}
{"level":"info","message":"Server is running on port 4000","service":"backend-api","timestamp":"2025-07-21T10:49:11.571Z"}
{"level":"info","message":"Server is running on port 4000","service":"backend-api","timestamp":"2025-07-21T10:49:15.002Z"}
{"level":"info","message":"Server is running on port 4000","service":"backend-api","timestamp":"2025-07-21T10:49:18.724Z"}
{"level":"info","message":"Server is running on port 4000","service":"backend-api","timestamp":"2025-07-21T10:49:24.395Z"}
{"level":"info","message":"Server is running on port 4000","service":"backend-api","timestamp":"2025-07-21T10:49:28.007Z"}
{"level":"info","message":"Server is running on port 4000","service":"backend-api","timestamp":"2025-07-21T10:49:35.541Z"}
{"level":"info","message":"Server is running on port 4000","service":"backend-api","timestamp":"2025-07-21T10:49:39.841Z"}
{"level":"info","message":"Server is running on port 4000","service":"backend-api","timestamp":"2025-07-21T10:51:14.282Z"}
{"level":"info","message":"Server is running on port 4000","service":"backend-api","timestamp":"2025-07-21T10:52:02.858Z"}
{"level":"info","message":"Server is running on port 4000","service":"backend-api","timestamp":"2025-07-21T10:52:05.129Z"}
{"level":"info","message":"Server is running on port 4000","service":"backend-api","timestamp":"2025-07-21T10:52:08.550Z"}
{"level":"info","message":"Server is running on port 4000","service":"backend-api","timestamp":"2025-07-21T10:52:48.048Z"}
{"level":"info","message":"Server is running on port 4000","service":"backend-api","timestamp":"2025-07-21T10:52:51.315Z"}
{"level":"info","message":"Server is running on port 4000","service":"backend-api","timestamp":"2025-07-21T10:53:06.477Z"}
{"level":"info","message":"Server is running on port 4000","service":"backend-api","timestamp":"2025-07-21T10:53:17.404Z"}
{"level":"info","message":"Server is running on port 4000","service":"backend-api","timestamp":"2025-07-21T10:53:21.265Z"}
{"level":"info","message":"Server is running on port 4000","service":"backend-api","timestamp":"2025-07-21T10:53:26.001Z"}
{"level":"info","message":"Server is running on port 4000","service":"backend-api","timestamp":"2025-07-21T10:54:13.013Z"}
{"level":"info","message":"Server is running on port 4000","service":"backend-api","timestamp":"2025-07-21T10:54:39.545Z"}
{"level":"info","message":"Server is running on port 4000","service":"backend-api","timestamp":"2025-07-21T10:54:58.802Z"}
{"level":"info","message":"Server is running on port 4000","service":"backend-api","timestamp":"2025-07-21T10:55:12.760Z"}
{"level":"info","message":"Server is running on port 4000","service":"backend-api","timestamp":"2025-07-21T10:55:17.429Z"}
{"level":"info","message":"Server is running on port 4000","service":"backend-api","timestamp":"2025-07-21T10:55:22.251Z"}
{"level":"info","message":"Server is running on port 4000","service":"backend-api","timestamp":"2025-07-21T10:55:26.966Z"}
{"level":"info","message":"Server is running on port 4000","service":"backend-api","timestamp":"2025-07-21T10:55:32.738Z"}
{"level":"info","message":"Server is running on port 4000","service":"backend-api","timestamp":"2025-07-21T10:55:42.948Z"}
{"level":"info","message":"Server is running on port 4000","service":"backend-api","timestamp":"2025-07-21T10:56:07.918Z"}
{"level":"info","message":"Server is running on port 4000","service":"backend-api","timestamp":"2025-07-21T10:56:09.588Z"}
{"level":"info","message":"Server is running on port 4000","service":"backend-api","timestamp":"2025-07-21T10:56:12.985Z"}
{"level":"info","message":"Server is running on port 4000","service":"backend-api","timestamp":"2025-07-21T10:56:14.933Z"}
{"level":"info","message":"Server is running on port 4000","service":"backend-api","timestamp":"2025-07-21T10:56:20.133Z"}
{"level":"info","message":{"duration":"1607ms","ip":"::1","method":"POST","status":200,"url":"/parse"},"service":"backend-api","timestamp":"2025-07-21T10:56:44.576Z"}
{"level":"info","message":{"duration":"991ms","ip":"::1","method":"POST","status":400,"url":"/parse"},"service":"backend-api","timestamp":"2025-07-21T10:58:03.179Z"}
{"level":"info","message":{"duration":"752ms","ip":"::1","method":"POST","status":200,"url":"/parse"},"service":"backend-api","timestamp":"2025-07-21T11:01:38.038Z"}
{"level":"info","message":{"duration":"831ms","ip":"::1","method":"POST","status":200,"url":"/parse"},"service":"backend-api","timestamp":"2025-07-21T11:02:02.220Z"}
{"level":"info","message":"Server is running on port 4000","service":"backend-api","timestamp":"2025-07-21T11:03:09.140Z"}
{"level":"info","message":"Server is running on port 4000","service":"backend-api","timestamp":"2025-07-21T11:16:24.625Z"}
{"level":"info","message":"Server is running on port 4000","service":"backend-api","timestamp":"2025-07-21T11:16:30.709Z"}
{"level":"info","message":"Server is running on port 4000","service":"backend-api","timestamp":"2025-07-21T11:17:27.918Z"}
{"level":"info","message":"Server is running on port 4000","service":"backend-api","timestamp":"2025-07-21T11:17:32.882Z"}
{"level":"info","message":"Server is running on port 4000","service":"backend-api","timestamp":"2025-07-21T11:17:34.536Z"}
{"level":"info","message":"Server is running on port 4000","service":"backend-api","timestamp":"2025-07-21T11:17:36.692Z"}
{"level":"info","message":"Server is running on port 4000","service":"backend-api","timestamp":"2025-07-21T11:17:44.988Z"}
{"level":"info","message":"Server is running on port 4000","service":"backend-api","timestamp":"2025-07-21T11:17:48.924Z"}
{"level":"info","message":"Server is running on port 4000","service":"backend-api","timestamp":"2025-07-21T11:17:50.875Z"}
{"level":"info","message":"Server is running on port 4000","service":"backend-api","timestamp":"2025-07-21T11:17:55.509Z"}
{"level":"info","message":"Server is running on port 4000","service":"backend-api","timestamp":"2025-07-21T11:17:57.838Z"}
{"level":"info","message":"Server is running on port 4000","service":"backend-api","timestamp":"2025-07-21T11:18:03.401Z"}
{"level":"info","message":"Server is running on port 4000","service":"backend-api","timestamp":"2025-07-21T11:18:15.089Z"}
{"level":"info","message":"Server is running on port 4000","service":"backend-api","timestamp":"2025-07-21T11:18:18.439Z"}
{"level":"info","message":"Server is running on port 4000","service":"backend-api","timestamp":"2025-07-21T11:18:25.735Z"}
{"level":"info","message":"Server is running on port 4000","service":"backend-api","timestamp":"2025-07-21T11:18:28.347Z"}
{"level":"info","message":"Server is running on port 4000","service":"backend-api","timestamp":"2025-07-21T11:18:32.566Z"}
{"level":"info","message":"Server is running on port 4000","service":"backend-api","timestamp":"2025-07-21T11:18:36.462Z"}
{"level":"info","message":"Server is running on port 4000","service":"backend-api","timestamp":"2025-07-21T11:18:39.854Z"}
{"level":"info","message":"Server is running on port 4000","service":"backend-api","timestamp":"2025-07-21T11:18:42.059Z"}
{"level":"info","message":"Server is running on port 4000","service":"backend-api","timestamp":"2025-07-21T11:18:44.707Z"}
{"level":"info","message":"Server is running on port 4000","service":"backend-api","timestamp":"2025-07-21T11:18:48.093Z"}
{"level":"info","message":"Server is running on port 4000","service":"backend-api","timestamp":"2025-07-21T11:18:56.839Z"}
{"level":"info","message":"Server is running on port 4000","service":"backend-api","timestamp":"2025-07-21T11:19:00.474Z"}
{"level":"info","message":"Server is running on port 4000","service":"backend-api","timestamp":"2025-07-21T11:19:04.699Z"}
{"level":"info","message":"Server is running on port 4000","service":"backend-api","timestamp":"2025-07-21T11:19:10.244Z"}
{"level":"info","message":"Server is running on port 4000","service":"backend-api","timestamp":"2025-07-21T11:19:12.056Z"}
{"level":"info","message":"Server is running on port 4000","service":"backend-api","timestamp":"2025-07-21T11:19:16.807Z"}
{"level":"info","message":"Server is running on port 4000","service":"backend-api","timestamp":"2025-07-21T11:19:21.007Z"}
{"level":"info","message":"Server is running on port 4000","service":"backend-api","timestamp":"2025-07-21T11:19:25.368Z"}
{"level":"info","message":"Server is running on port 4000","service":"backend-api","timestamp":"2025-07-21T11:19:30.085Z"}
{"level":"info","message":"Server is running on port 4000","service":"backend-api","timestamp":"2025-07-21T11:19:33.143Z"}
{"level":"info","message":"Server is running on port 4000","service":"backend-api","timestamp":"2025-07-21T11:19:39.808Z"}
{"level":"info","message":"Server is running on port 4000","service":"backend-api","timestamp":"2025-07-21T11:19:44.793Z"}
{"level":"info","message":"Server is running on port 4000","service":"backend-api","timestamp":"2025-07-21T11:19:48.778Z"}
{"level":"info","message":"Server is running on port 4000","service":"backend-api","timestamp":"2025-07-21T11:19:52.590Z"}
{"level":"info","message":"Server is running on port 4000","service":"backend-api","timestamp":"2025-07-21T11:19:55.811Z"}
{"level":"info","message":"Server is running on port 4000","service":"backend-api","timestamp":"2025-07-21T11:20:00.942Z"}
{"level":"info","message":"Server is running on port 4000","service":"backend-api","timestamp":"2025-07-21T11:20:05.022Z"}
{"level":"info","message":"Server is running on port 4000","service":"backend-api","timestamp":"2025-07-21T11:20:10.281Z"}
{"level":"info","message":"Server is running on port 4000","service":"backend-api","timestamp":"2025-07-21T11:20:14.050Z"}
{"level":"info","message":"Server is running on port 4000","service":"backend-api","timestamp":"2025-07-21T11:20:21.877Z"}
{"level":"info","message":"Server is running on port 4000","service":"backend-api","timestamp":"2025-07-21T11:20:26.982Z"}
{"level":"info","message":"Server is running on port 4000","service":"backend-api","timestamp":"2025-07-21T11:20:29.773Z"}
{"level":"info","message":"Server is running on port 4000","service":"backend-api","timestamp":"2025-07-21T11:20:34.034Z"}
{"level":"info","message":"Server is running on port 4000","service":"backend-api","timestamp":"2025-07-21T11:20:38.212Z"}
{"level":"info","message":"Server is running on port 4000","service":"backend-api","timestamp":"2025-07-21T11:20:41.927Z"}
{"level":"info","message":"Server is running on port 4000","service":"backend-api","timestamp":"2025-07-21T11:20:46.029Z"}
{"level":"info","message":"Server is running on port 4000","service":"backend-api","timestamp":"2025-07-21T11:20:48.250Z"}
{"level":"info","message":"Server is running on port 4000","service":"backend-api","timestamp":"2025-07-21T11:20:54.416Z"}
{"level":"info","message":"Server is running on port 4000","service":"backend-api","timestamp":"2025-07-21T11:21:00.932Z"}
{"level":"info","message":"Server is running on port 4000","service":"backend-api","timestamp":"2025-07-21T11:21:04.588Z"}
{"level":"info","message":"Server is running on port 4000","service":"backend-api","timestamp":"2025-07-21T11:21:08.225Z"}
{"level":"info","message":"Server is running on port 4000","service":"backend-api","timestamp":"2025-07-21T11:21:21.071Z"}
{"level":"info","message":"Server is running on port 4000","service":"backend-api","timestamp":"2025-07-21T11:21:28.894Z"}
{"level":"info","message":"Server is running on port 4000","service":"backend-api","timestamp":"2025-07-21T11:21:32.550Z"}
{"level":"info","message":"Server is running on port 4000","service":"backend-api","timestamp":"2025-07-21T11:21:38.077Z"}
{"level":"info","message":"Server is running on port 4000","service":"backend-api","timestamp":"2025-07-21T11:21:40.348Z"}
{"level":"info","message":"Server is running on port 4000","service":"backend-api","timestamp":"2025-07-21T11:21:45.590Z"}
{"level":"info","message":"Server is running on port 4000","service":"backend-api","timestamp":"2025-07-21T11:21:47.480Z"}
{"level":"info","message":"Server is running on port 4000","service":"backend-api","timestamp":"2025-07-21T11:21:51.574Z"}
{"level":"info","message":"Server is running on port 4000","service":"backend-api","timestamp":"2025-07-21T11:21:53.704Z"}
{"level":"info","message":"Server is running on port 4000","service":"backend-api","timestamp":"2025-07-21T11:21:58.786Z"}
{"level":"info","message":"Server is running on port 4000","service":"backend-api","timestamp":"2025-07-21T11:22:02.954Z"}
{"level":"info","message":"Server is running on port 4000","service":"backend-api","timestamp":"2025-07-21T11:22:11.440Z"}
{"level":"info","message":"Server is running on port 4000","service":"backend-api","timestamp":"2025-07-21T11:22:16.492Z"}
{"level":"info","message":"Server is running on port 4000","service":"backend-api","timestamp":"2025-07-21T11:22:21.050Z"}
{"level":"info","message":"Server is running on port 4000","service":"backend-api","timestamp":"2025-07-21T11:22:27.023Z"}
{"level":"info","message":"Server is running on port 4000","service":"backend-api","timestamp":"2025-07-21T11:22:59.446Z"}
{"level":"info","message":"Server is running on port 4000","service":"backend-api","timestamp":"2025-07-21T11:24:55.705Z"}
{"level":"info","message":"Server is running on port 4000","service":"backend-api","timestamp":"2025-07-21T11:25:13.212Z"}
{"level":"info","message":"Server is running on port 4000","service":"backend-api","timestamp":"2025-07-21T11:25:16.649Z"}
{"level":"info","message":"Server is running on port 4000","service":"backend-api","timestamp":"2025-07-21T11:25:27.797Z"}
{"level":"info","message":"Server is running on port 4000","service":"backend-api","timestamp":"2025-07-21T11:25:52.574Z"}
{"level":"info","message":"Server is running on port 4000","service":"backend-api","timestamp":"2025-07-21T11:27:30.275Z"}
{"level":"info","message":"Server is running on port 4000","service":"backend-api","timestamp":"2025-07-21T11:27:39.853Z"}
{"level":"info","message":"Server is running on port 4000","service":"backend-api","timestamp":"2025-07-21T11:27:42.532Z"}
{"level":"info","message":"Server is running on port 4000","service":"backend-api","timestamp":"2025-07-21T11:27:48.446Z"}
{"level":"info","message":"Server is running on port 4000","service":"backend-api","timestamp":"2025-07-21T11:27:54.035Z"}
{"level":"info","message":"Server is running on port 4000","service":"backend-api","timestamp":"2025-07-21T11:27:57.161Z"}
{"level":"info","message":"Server is running on port 4000","service":"backend-api","timestamp":"2025-07-21T11:27:59.004Z"}
{"level":"info","message":"Server is running on port 4000","service":"backend-api","timestamp":"2025-07-21T11:28:00.809Z"}
{"level":"info","message":"Server is running on port 4000","service":"backend-api","timestamp":"2025-07-21T11:28:03.392Z"}
{"level":"info","message":"Server is running on port 4000","service":"backend-api","timestamp":"2025-07-21T11:28:20.229Z"}
{"level":"info","message":"Server is running on port 4000","service":"backend-api","timestamp":"2025-07-21T11:28:21.830Z"}
{"level":"info","message":"Server is running on port 4000","service":"backend-api","timestamp":"2025-07-21T11:28:23.604Z"}
{"level":"info","message":"Server is running on port 4000","service":"backend-api","timestamp":"2025-07-21T11:28:25.587Z"}
{"level":"info","message":"Server is running on port 4000","service":"backend-api","timestamp":"2025-07-21T11:30:06.514Z"}
{"level":"info","message":"Server is running on port 4000","service":"backend-api","timestamp":"2025-07-21T12:26:53.745Z"}
{"level":"info","message":"Server is running on port 4000","service":"backend-api","timestamp":"2025-07-21T12:39:17.116Z"}
{"level":"info","message":"Server is running on port 4000","service":"backend-api","timestamp":"2025-07-21T12:43:00.335Z"}
{"level":"info","message":"Server is running on port 4000","service":"backend-api","timestamp":"2025-07-21T12:43:04.846Z"}
{"level":"info","message":"Server is running on port 4000","service":"backend-api","timestamp":"2025-07-21T12:47:14.520Z"}
{"level":"info","message":"Server is running on port 4000","service":"backend-api","timestamp":"2025-07-21T12:47:16.260Z"}
{"level":"info","message":"Server is running on port 4000","service":"backend-api","timestamp":"2025-07-21T12:47:51.504Z"}
{"level":"info","message":"Server is running on port 4000","service":"backend-api","timestamp":"2025-07-21T12:47:55.070Z"}
{"level":"info","message":"Server is running on port 4000","service":"backend-api","timestamp":"2025-07-21T12:47:57.601Z"}
{"level":"info","message":"Server is running on port 4000","service":"backend-api","timestamp":"2025-07-21T12:48:03.263Z"}
{"level":"info","message":"Server is running on port 4000","service":"backend-api","timestamp":"2025-07-21T12:48:19.858Z"}
{"level":"info","message":"Server is running on port 4000","service":"backend-api","timestamp":"2025-07-21T12:48:21.595Z"}
{"level":"info","message":"Server is running on port 4000","service":"backend-api","timestamp":"2025-07-21T12:48:33.614Z"}
{"level":"info","message":"Server is running on port 4000","service":"backend-api","timestamp":"2025-07-21T12:48:37.289Z"}
{"level":"info","message":"Server is running on port 4000","service":"backend-api","timestamp":"2025-07-21T12:48:57.461Z"}
{"level":"info","message":"Server is running on port 4000","service":"backend-api","timestamp":"2025-07-21T12:49:01.595Z"}
{"level":"info","message":"Server is running on port 4000","service":"backend-api","timestamp":"2025-07-21T12:49:22.382Z"}
{"level":"info","message":"Server is running on port 4000","service":"backend-api","timestamp":"2025-07-21T12:49:28.201Z"}
{"level":"info","message":"Server is running on port 4000","service":"backend-api","timestamp":"2025-07-21T12:49:35.309Z"}
{"level":"info","message":"Server is running on port 4000","service":"backend-api","timestamp":"2025-07-21T12:49:41.678Z"}
{"level":"info","message":"Server is running on port 4000","service":"backend-api","timestamp":"2025-07-21T12:49:43.416Z"}
{"level":"info","message":"Server is running on port 4000","service":"backend-api","timestamp":"2025-07-21T12:50:08.040Z"}
{"level":"info","message":"Server is running on port 4000","service":"backend-api","timestamp":"2025-07-21T12:50:11.077Z"}
{"level":"info","message":"Server is running on port 4000","service":"backend-api","timestamp":"2025-07-21T12:50:20.559Z"}
{"level":"info","message":"Server is running on port 4000","service":"backend-api","timestamp":"2025-07-21T12:50:25.112Z"}
{"level":"info","message":"Server is running on port 4000","service":"backend-api","timestamp":"2025-07-21T12:50:38.718Z"}
{"level":"info","message":"Server is running on port 4000","service":"backend-api","timestamp":"2025-07-21T12:50:40.835Z"}
{"level":"info","message":"Server is running on port 4000","service":"backend-api","timestamp":"2025-07-21T12:50:49.092Z"}
{"level":"info","message":"Server is running on port 4000","service":"backend-api","timestamp":"2025-07-21T12:50:54.329Z"}
{"level":"info","message":"Server is running on port 4000","service":"backend-api","timestamp":"2025-07-21T12:51:00.172Z"}
{"level":"info","message":"Server is running on port 4000","service":"backend-api","timestamp":"2025-07-21T12:51:09.794Z"}
{"level":"info","message":"Server is running on port 4000","service":"backend-api","timestamp":"2025-07-21T12:51:12.938Z"}
{"level":"info","message":"Server is running on port 4000","service":"backend-api","timestamp":"2025-07-21T12:51:16.238Z"}
{"level":"info","message":"Server is running on port 4000","service":"backend-api","timestamp":"2025-07-21T12:51:25.320Z"}
{"level":"info","message":"Server is running on port 4000","service":"backend-api","timestamp":"2025-07-21T12:51:33.740Z"}
{"level":"info","message":"Server is running on port 4000","service":"backend-api","timestamp":"2025-07-21T12:51:46.200Z"}
{"level":"info","message":"Server is running on port 4000","service":"backend-api","timestamp":"2025-07-21T12:51:59.292Z"}
{"level":"info","message":"Server is running on port 4000","service":"backend-api","timestamp":"2025-07-21T12:52:04.692Z"}
{"level":"info","message":"Server is running on port 4000","service":"backend-api","timestamp":"2025-07-21T12:52:06.564Z"}
{"level":"info","message":"Server is running on port 4000","service":"backend-api","timestamp":"2025-07-21T12:53:16.868Z"}
{"level":"info","message":"Server is running on port 4000","service":"backend-api","timestamp":"2025-07-21T12:53:26.600Z"}
{"level":"info","message":"Server is running on port 4000","service":"backend-api","timestamp":"2025-07-21T12:53:29.737Z"}
{"level":"info","message":"Server is running on port 4000","service":"backend-api","timestamp":"2025-07-21T12:53:37.404Z"}
{"level":"info","message":"Server is running on port 4000","service":"backend-api","timestamp":"2025-07-21T12:53:39.454Z"}
{"level":"info","message":"Server is running on port 4000","service":"backend-api","timestamp":"2025-07-21T12:53:41.494Z"}
{"level":"info","message":"Server is running on port 4000","service":"backend-api","timestamp":"2025-07-21T12:54:31.570Z"}
{"level":"info","message":"Server is running on port 4000","service":"backend-api","timestamp":"2025-07-21T12:54:37.325Z"}
{"level":"info","message":"Server is running on port 4000","service":"backend-api","timestamp":"2025-07-21T12:54:39.658Z"}
{"level":"info","message":"Server is running on port 4000","service":"backend-api","timestamp":"2025-07-21T12:54:42.792Z"}
{"level":"info","message":"Server is running on port 4000","service":"backend-api","timestamp":"2025-07-21T12:54:45.770Z"}
{"level":"info","message":"Server is running on port 4000","service":"backend-api","timestamp":"2025-07-21T12:54:47.955Z"}
{"level":"info","message":"Server is running on port 4000","service":"backend-api","timestamp":"2025-07-21T12:55:00.080Z"}
{"level":"info","message":"Server is running on port 4000","service":"backend-api","timestamp":"2025-07-21T12:55:01.800Z"}
{"level":"info","message":"Server is running on port 4000","service":"backend-api","timestamp":"2025-07-21T12:57:40.183Z"}
{"level":"info","message":"Server is running on port 4000","service":"backend-api","timestamp":"2025-07-21T12:57:54.690Z"}
{"level":"info","message":"Server is running on port 4000","service":"backend-api","timestamp":"2025-07-21T12:58:19.714Z"}
{"level":"info","message":"Server is running on port 4000","service":"backend-api","timestamp":"2025-07-21T12:58:41.814Z"}
{"level":"info","message":"Server is running on port 4000","service":"backend-api","timestamp":"2025-07-21T12:58:44.519Z"}
{"level":"info","message":"Server is running on port 4000","service":"backend-api","timestamp":"2025-07-21T12:58:47.900Z"}
{"level":"info","message":"Server is running on port 4000","service":"backend-api","timestamp":"2025-07-21T12:58:49.493Z"}
{"level":"info","message":"Server is running on port 4000","service":"backend-api","timestamp":"2025-07-21T12:59:04.526Z"}
{"level":"info","message":"Server is running on port 4000","service":"backend-api","timestamp":"2025-07-21T12:59:06.735Z"}
{"level":"info","message":"Server is running on port 4000","service":"backend-api","timestamp":"2025-07-21T12:59:12.353Z"}
{"level":"info","message":"Server is running on port 4000","service":"backend-api","timestamp":"2025-07-21T12:59:14.229Z"}
{"level":"info","message":"Server is running on port 4000","service":"backend-api","timestamp":"2025-07-21T12:59:25.003Z"}
{"level":"info","message":"Server is running on port 4000","service":"backend-api","timestamp":"2025-07-21T12:59:26.961Z"}
{"level":"info","message":"Server is running on port 4000","service":"backend-api","timestamp":"2025-07-21T12:59:29.651Z"}
{"level":"info","message":"Server is running on port 4000","service":"backend-api","timestamp":"2025-07-21T12:59:31.604Z"}
{"level":"info","message":"Server is running on port 4000","service":"backend-api","timestamp":"2025-07-21T12:59:46.096Z"}
{"level":"info","message":{"duration":"916ms","ip":"::1","method":"POST","status":200,"url":"/parse"},"service":"backend-api","timestamp":"2025-07-21T13:00:22.680Z"}
{"level":"info","message":{"duration":"789ms","ip":"::1","method":"POST","status":200,"url":"/parse"},"service":"backend-api","timestamp":"2025-07-21T13:01:07.985Z"}
{"level":"info","message":"Server is running on port 4000","service":"backend-api","timestamp":"2025-07-21T13:02:01.850Z"}
{"level":"info","message":"Server is running on port 4000","service":"backend-api","timestamp":"2025-07-21T13:02:25.720Z"}
{"level":"info","message":"Server is running on port 4000","service":"backend-api","timestamp":"2025-07-21T13:02:58.848Z"}
{"level":"info","message":"Server is running on port 4000","service":"backend-api","timestamp":"2025-07-21T13:03:03.177Z"}
{"level":"info","message":"Server is running on port 4000","service":"backend-api","timestamp":"2025-07-21T13:03:09.766Z"}
{"level":"info","message":"Server is running on port 4000","service":"backend-api","timestamp":"2025-07-21T13:03:17.215Z"}
{"level":"info","message":"Server is running on port 4000","service":"backend-api","timestamp":"2025-07-21T13:03:33.715Z"}
{"level":"info","message":"Server is running on port 4000","service":"backend-api","timestamp":"2025-07-21T13:03:37.045Z"}
{"level":"info","message":"Server is running on port 4000","service":"backend-api","timestamp":"2025-07-21T13:03:39.939Z"}
{"level":"info","message":"Server is running on port 4000","service":"backend-api","timestamp":"2025-07-21T13:03:47.106Z"}
{"level":"info","message":"Server is running on port 4000","service":"backend-api","timestamp":"2025-07-21T13:03:51.827Z"}
{"level":"info","message":"Server is running on port 4000","service":"backend-api","timestamp":"2025-07-21T13:03:58.740Z"}
{"level":"info","message":"Server is running on port 4000","service":"backend-api","timestamp":"2025-07-21T13:04:02.618Z"}
{"level":"info","message":"Server is running on port 4000","service":"backend-api","timestamp":"2025-07-21T13:04:09.614Z"}
{"level":"info","message":"Server is running on port 4000","service":"backend-api","timestamp":"2025-07-21T13:04:38.791Z"}
{"level":"info","message":"Server is running on port 4000","service":"backend-api","timestamp":"2025-07-21T13:04:42.444Z"}
{"level":"info","message":"Server is running on port 4000","service":"backend-api","timestamp":"2025-07-21T13:04:47.060Z"}
{"level":"info","message":"Server is running on port 4000","service":"backend-api","timestamp":"2025-07-21T13:05:00.630Z"}
{"level":"info","message":"Server is running on port 4000","service":"backend-api","timestamp":"2025-07-21T13:05:04.958Z"}
{"level":"info","message":"Server is running on port 4000","service":"backend-api","timestamp":"2025-07-21T13:05:18.600Z"}
{"level":"info","message":"Server is running on port 4000","service":"backend-api","timestamp":"2025-07-21T13:05:24.099Z"}
{"level":"info","message":"Server is running on port 4000","service":"backend-api","timestamp":"2025-07-21T13:05:30.771Z"}
{"level":"info","message":"Server is running on port 4000","service":"backend-api","timestamp":"2025-07-21T13:05:32.522Z"}
{"level":"info","message":"Server is running on port 4000","service":"backend-api","timestamp":"2025-07-21T13:05:40.642Z"}
{"level":"info","message":"Server is running on port 4000","service":"backend-api","timestamp":"2025-07-21T13:05:45.660Z"}
{"level":"info","message":"Server is running on port 4000","service":"backend-api","timestamp":"2025-07-21T13:05:51.934Z"}
{"level":"info","message":"Server is running on port 4000","service":"backend-api","timestamp":"2025-07-21T13:06:00.196Z"}
{"level":"info","message":"Server is running on port 4000","service":"backend-api","timestamp":"2025-07-21T13:06:05.425Z"}
{"level":"info","message":"Server is running on port 4000","service":"backend-api","timestamp":"2025-07-21T13:06:13.957Z"}
{"level":"info","message":"Server is running on port 4000","service":"backend-api","timestamp":"2025-07-21T13:06:21.000Z"}
{"level":"info","message":"Server is running on port 4000","service":"backend-api","timestamp":"2025-07-21T13:06:23.953Z"}
{"level":"info","message":"Server is running on port 4000","service":"backend-api","timestamp":"2025-07-21T13:06:27.402Z"}
{"level":"info","message":"Server is running on port 4000","service":"backend-api","timestamp":"2025-07-21T13:06:31.423Z"}
{"level":"info","message":"Server is running on port 4000","service":"backend-api","timestamp":"2025-07-21T13:06:34.265Z"}
{"level":"info","message":"Server is running on port 4000","service":"backend-api","timestamp":"2025-07-21T13:06:39.134Z"}
{"level":"info","message":"Server is running on port 4000","service":"backend-api","timestamp":"2025-07-21T13:06:46.607Z"}
{"level":"info","message":"Server is running on port 4000","service":"backend-api","timestamp":"2025-07-21T13:06:51.602Z"}
{"level":"info","message":"Server is running on port 4000","service":"backend-api","timestamp":"2025-07-21T13:06:57.100Z"}
{"level":"info","message":"Server is running on port 4000","service":"backend-api","timestamp":"2025-07-21T13:07:02.709Z"}
{"level":"info","message":"Server is running on port 4000","service":"backend-api","timestamp":"2025-07-21T13:07:08.300Z"}
{"level":"info","message":"Server is running on port 4000","service":"backend-api","timestamp":"2025-07-21T13:07:12.250Z"}
{"level":"info","message":"Server is running on port 4000","service":"backend-api","timestamp":"2025-07-21T13:07:25.084Z"}
{"level":"info","message":"Server is running on port 4000","service":"backend-api","timestamp":"2025-07-21T13:07:31.326Z"}
{"level":"info","message":"Server is running on port 4000","service":"backend-api","timestamp":"2025-07-21T13:07:36.252Z"}
{"level":"info","message":"Server is running on port 4000","service":"backend-api","timestamp":"2025-07-21T13:07:41.790Z"}
{"level":"info","message":"Server is running on port 4000","service":"backend-api","timestamp":"2025-07-21T13:07:45.430Z"}
{"level":"info","message":"Server is running on port 4000","service":"backend-api","timestamp":"2025-07-21T13:07:49.256Z"}
{"level":"info","message":"Server is running on port 4000","service":"backend-api","timestamp":"2025-07-21T13:07:55.930Z"}
{"level":"info","message":"Server is running on port 4000","service":"backend-api","timestamp":"2025-07-21T13:07:59.567Z"}
{"level":"info","message":"Server is running on port 4000","service":"backend-api","timestamp":"2025-07-21T13:08:04.862Z"}
{"level":"info","message":"Server is running on port 4000","service":"backend-api","timestamp":"2025-07-21T13:08:34.002Z"}
{"level":"info","message":"Server is running on port 4000","service":"backend-api","timestamp":"2025-07-21T13:08:37.409Z"}
{"level":"info","message":"Server is running on port 4000","service":"backend-api","timestamp":"2025-07-21T13:08:44.387Z"}
{"level":"info","message":"Server is running on port 4000","service":"backend-api","timestamp":"2025-07-21T13:08:47.391Z"}
{"level":"info","message":"Server is running on port 4000","service":"backend-api","timestamp":"2025-07-21T13:08:52.820Z"}
{"level":"info","message":"Server is running on port 4000","service":"backend-api","timestamp":"2025-07-21T13:08:56.965Z"}
{"level":"info","message":"Server is running on port 4000","service":"backend-api","timestamp":"2025-07-21T13:09:02.030Z"}
{"level":"info","message":"Server is running on port 4000","service":"backend-api","timestamp":"2025-07-21T13:09:22.557Z"}
{"level":"info","message":"Server is running on port 4000","service":"backend-api","timestamp":"2025-07-21T13:10:11.762Z"}
{"level":"info","message":"Server is running on port 4000","service":"backend-api","timestamp":"2025-07-21T13:10:24.972Z"}
{"level":"info","message":"Server is running on port 4000","service":"backend-api","timestamp":"2025-07-21T13:10:27.109Z"}
{"level":"info","message":"Server is running on port 4000","service":"backend-api","timestamp":"2025-07-21T13:10:31.866Z"}
{"level":"info","message":"Server is running on port 4000","service":"backend-api","timestamp":"2025-07-21T13:10:33.992Z"}
{"level":"info","message":"Server is running on port 4000","service":"backend-api","timestamp":"2025-07-21T13:10:36.066Z"}
{"level":"info","message":"Server is running on port 4000","service":"backend-api","timestamp":"2025-07-21T13:10:40.238Z"}
{"level":"info","message":"Server is running on port 4000","service":"backend-api","timestamp":"2025-07-21T13:10:45.516Z"}
{"level":"info","message":"Server is running on port 4000","service":"backend-api","timestamp":"2025-07-21T13:10:48.387Z"}
{"level":"info","message":"Server is running on port 4000","service":"backend-api","timestamp":"2025-07-21T13:10:50.521Z"}
{"level":"info","message":"Server is running on port 4000","service":"backend-api","timestamp":"2025-07-21T13:12:58.805Z"}
{"level":"info","message":"Server is running on port 4000","service":"backend-api","timestamp":"2025-07-21T13:13:15.742Z"}
{"level":"info","message":"Server is running on port 4000","service":"backend-api","timestamp":"2025-07-21T13:13:17.624Z"}
{"level":"info","message":"Server is running on port 4000","service":"backend-api","timestamp":"2025-07-21T13:13:30.638Z"}
{"level":"info","message":"Server is running on port 4000","service":"backend-api","timestamp":"2025-07-21T13:13:38.959Z"}
{"level":"info","message":"Server is running on port 4000","service":"backend-api","timestamp":"2025-07-21T13:13:52.663Z"}
{"level":"info","message":"Server is running on port 4000","service":"backend-api","timestamp":"2025-07-21T13:13:55.271Z"}
{"level":"info","message":"Server is running on port 4000","service":"backend-api","timestamp":"2025-07-21T13:14:01.663Z"}
{"level":"info","message":{"duration":"27508ms","ip":"::1","method":"POST","status":500,"url":"/parse"},"service":"backend-api","timestamp":"2025-07-21T13:14:38.713Z"}
{"level":"info","message":{"duration":"29196ms","ip":"::1","method":"POST","status":200,"url":"/parse"},"service":"backend-api","timestamp":"2025-07-21T13:15:57.551Z"}
{"level":"info","message":"Server is running on port 4000","service":"backend-api","timestamp":"2025-07-21T13:17:15.608Z"}
{"level":"info","message":{"duration":"30514ms","ip":"::1","method":"POST","status":200,"url":"/parse"},"service":"backend-api","timestamp":"2025-07-21T13:17:54.085Z"}
{"level":"info","message":"Server is running on port 4000","service":"backend-api","timestamp":"2025-07-21T13:20:29.551Z"}
{"level":"info","message":"Server is running on port 4000","service":"backend-api","timestamp":"2025-07-21T13:21:05.065Z"}
{"level":"info","message":"Server is running on port 4000","service":"backend-api","timestamp":"2025-07-21T13:23:09.474Z"}
{"level":"info","message":"Server is running on port 4000","service":"backend-api","timestamp":"2025-07-21T13:23:55.451Z"}
{"level":"info","message":"Server is running on port 4000","service":"backend-api","timestamp":"2025-07-21T13:24:09.937Z"}
{"level":"info","message":{"duration":"9102ms","ip":"::1","method":"POST","status":200,"url":"/parse"},"service":"backend-api","timestamp":"2025-07-21T13:24:22.908Z"}
{"level":"info","message":"Server is running on port 4000","service":"backend-api","timestamp":"2025-07-21T13:26:39.118Z"}
{"level":"info","message":"Server is running on port 4000","service":"backend-api","timestamp":"2025-07-21T13:26:43.093Z"}
{"level":"info","message":"Server is running on port 4000","service":"backend-api","timestamp":"2025-07-21T13:26:48.674Z"}
{"level":"info","message":"Server is running on port 4000","service":"backend-api","timestamp":"2025-07-21T13:26:52.762Z"}
{"level":"info","message":"Server is running on port 4000","service":"backend-api","timestamp":"2025-07-21T13:27:00.987Z"}
{"level":"info","message":"Server is running on port 4000","service":"backend-api","timestamp":"2025-07-21T13:27:03.361Z"}
{"level":"info","message":"Server is running on port 4000","service":"backend-api","timestamp":"2025-07-21T13:28:10.865Z"}
{"level":"info","message":"Server is running on port 4000","service":"backend-api","timestamp":"2025-07-21T13:28:32.509Z"}
{"level":"info","message":"Server is running on port 4000","service":"backend-api","timestamp":"2025-07-21T13:28:37.812Z"}
{"level":"info","message":"Server is running on port 4000","service":"backend-api","timestamp":"2025-07-21T13:28:40.993Z"}
{"level":"info","message":"Server is running on port 4000","service":"backend-api","timestamp":"2025-07-21T13:28:44.942Z"}
{"level":"info","message":"Server is running on port 4000","service":"backend-api","timestamp":"2025-07-21T13:28:48.441Z"}
{"level":"info","message":"Server is running on port 4000","service":"backend-api","timestamp":"2025-07-21T13:29:05.231Z"}
{"level":"info","message":"Server is running on port 4000","service":"backend-api","timestamp":"2025-07-21T13:29:14.432Z"}
{"level":"info","message":"Server is running on port 4000","service":"backend-api","timestamp":"2025-07-21T13:29:17.014Z"}
{"level":"info","message":"Server is running on port 4000","service":"backend-api","timestamp":"2025-07-21T13:29:18.913Z"}
{"level":"info","message":"Server is running on port 4000","service":"backend-api","timestamp":"2025-07-21T13:29:39.358Z"}
{"level":"info","message":{"duration":"8034ms","ip":"::1","method":"POST","status":200,"url":"/parse"},"service":"backend-api","timestamp":"2025-07-21T13:30:01.288Z"}
{"level":"info","message":{"duration":"12292ms","ip":"::1","method":"POST","status":200,"url":"/parse"},"service":"backend-api","timestamp":"2025-07-21T13:33:45.918Z"}
{"level":"info","message":"Server is running on port 4000","service":"backend-api","timestamp":"2025-07-21T13:35:23.685Z"}
{"level":"info","message":"Server is running on port 4000","service":"backend-api","timestamp":"2025-07-21T13:35:33.376Z"}
{"level":"info","message":{"duration":"11040ms","ip":"::1","method":"POST","status":200,"url":"/parse"},"service":"backend-api","timestamp":"2025-07-21T13:35:54.212Z"}
{"level":"info","message":{"duration":"7867ms","ip":"::1","method":"POST","status":200,"url":"/parse"},"service":"backend-api","timestamp":"2025-07-21T13:39:27.423Z"}
{"level":"info","message":"Server is running on port 4000","service":"backend-api","timestamp":"2025-07-21T15:24:59.405Z"}
{"level":"info","message":{"duration":"12827ms","ip":"::1","method":"POST","status":200,"url":"/parse"},"service":"backend-api","timestamp":"2025-07-21T15:25:48.227Z"}
{"level":"info","message":{"duration":"7992ms","ip":"::1","method":"POST","status":500,"url":"/parse"},"service":"backend-api","timestamp":"2025-07-21T15:28:26.658Z"}
{"level":"info","message":{"duration":"8317ms","ip":"::1","method":"POST","status":500,"url":"/parse"},"service":"backend-api","timestamp":"2025-07-21T15:29:59.299Z"}
{"level":"info","message":"Server is running on port 4000","service":"backend-api","timestamp":"2025-07-21T15:30:44.375Z"}
{"level":"info","message":{"duration":"5031ms","ip":"::1","method":"POST","status":500,"url":"/parse"},"service":"backend-api","timestamp":"2025-07-21T15:30:52.981Z"}
{"level":"info","message":{"duration":"11585ms","ip":"::1","method":"POST","status":200,"url":"/parse"},"service":"backend-api","timestamp":"2025-07-21T15:37:37.150Z"}
{"level":"info","message":{"duration":"10317ms","ip":"::1","method":"POST","status":200,"url":"/parse"},"service":"backend-api","timestamp":"2025-07-21T15:39:47.614Z"}
{"level":"info","message":"Received SIGINT, starting graceful shutdown...","service":"backend-api","timestamp":"2025-07-21T15:41:58.445Z"}
{"level":"info","message":"Server is running on port 4000","service":"backend-api","timestamp":"2025-07-22T05:44:16.079Z"}
{"level":"info","message":"Server is running on port 4000","service":"backend-api","timestamp":"2025-07-22T05:51:36.167Z"}
{"level":"info","message":"Server is running on port 4000","service":"backend-api","timestamp":"2025-07-22T11:04:42.721Z"}
{"level":"info","message":{"duration":"20794ms","ip":"::1","method":"POST","status":200,"url":"/parse"},"service":"backend-api","timestamp":"2025-07-22T11:07:28.925Z"}
{"level":"info","message":{"duration":"11939ms","ip":"::1","method":"POST","status":200,"url":"/parse"},"service":"backend-api","timestamp":"2025-07-22T11:09:50.627Z"}
{"level":"info","message":{"duration":"12766ms","ip":"::1","method":"POST","status":200,"url":"/parse"},"service":"backend-api","timestamp":"2025-07-22T11:11:13.577Z"}
{"level":"info","message":{"duration":"26521ms","ip":"::1","method":"POST","status":500,"url":"/parse"},"service":"backend-api","timestamp":"2025-07-22T11:33:49.307Z"}
{"level":"info","message":{"duration":"20347ms","ip":"::1","method":"POST","status":200,"url":"/parse"},"service":"backend-api","timestamp":"2025-07-22T11:35:13.558Z"}
{"level":"info","message":{"duration":"11791ms","ip":"::1","method":"POST","status":500,"url":"/parse"},"service":"backend-api","timestamp":"2025-07-22T11:37:17.973Z"}
{"level":"info","message":{"duration":"15430ms","ip":"::1","method":"POST","status":200,"url":"/parse"},"service":"backend-api","timestamp":"2025-07-22T11:38:44.836Z"}
{"level":"info","message":{"duration":"4220ms","ip":"::1","method":"POST","status":500,"url":"/parse"},"service":"backend-api","timestamp":"2025-07-22T12:20:47.186Z"}
{"level":"info","message":{"duration":"18228ms","ip":"::1","method":"POST","status":500,"url":"/parse"},"service":"backend-api","timestamp":"2025-07-22T12:22:05.840Z"}
{"level":"info","message":"Server is running on port 4000","service":"backend-api","timestamp":"2025-07-22T12:22:30.506Z"}
{"level":"info","message":{"duration":"32802ms","ip":"::1","method":"POST","status":200,"url":"/parse"},"service":"backend-api","timestamp":"2025-07-22T12:23:04.531Z"}
{"level":"info","message":"Server is running on port 4000","service":"backend-api","timestamp":"2025-07-22T12:51:41.085Z"}
